2024-12-22 21:27:36 INFO  TC003_ValidUserLoginTest:16 - **** Starting TC003_ValidUserLoginTest execution ****
2024-12-22 21:27:36 INFO  TC003_ValidUserLoginTest:21 - Inside Home Page
2024-12-22 21:27:36 INFO  TC003_ValidUserLoginTest:23 - Clicked My Account
2024-12-22 21:27:37 INFO  TC003_ValidUserLoginTest:25 - Clicked Login Link
2024-12-22 21:27:37 INFO  TC003_ValidUserLoginTest:29 - Inside Login Page
2024-12-22 21:27:37 INFO  TC003_ValidUserLoginTest:30 - Entering user credentials
2024-12-22 21:27:37 INFO  TC003_ValidUserLoginTest:36 - Clicked on Continue button
2024-12-22 21:27:38 INFO  TC003_ValidUserLoginTest:43 - Starting validation
2024-12-22 21:27:38 INFO  TC003_ValidUserLoginTest:49 - Validation successfull
2024-12-22 21:27:38 INFO  TC003_ValidUserLoginTest:59 - **** Finished TC003_ValidUserLoginTest execution ****
2024-12-22 21:32:06 INFO  TC003_ValidUserLoginTest:16 - **** Starting TC003_ValidUserLoginTest execution ****
2024-12-22 21:32:06 INFO  TC003_ValidUserLoginTest:21 - Inside Home Page
2024-12-22 21:32:06 INFO  TC003_ValidUserLoginTest:23 - Clicked My Account
2024-12-22 21:32:06 INFO  TC003_ValidUserLoginTest:25 - Clicked Login Link
2024-12-22 21:32:06 INFO  TC003_ValidUserLoginTest:29 - Inside Login Page
2024-12-22 21:32:06 INFO  TC003_ValidUserLoginTest:30 - Entering user credentials
2024-12-22 21:32:07 INFO  TC003_ValidUserLoginTest:36 - Clicked on Continue button
2024-12-22 21:32:07 INFO  TC003_ValidUserLoginTest:43 - Starting validation
2024-12-22 21:32:07 INFO  TC003_ValidUserLoginTest:49 - Validation successfull
2024-12-22 21:32:07 INFO  TC003_ValidUserLoginTest:59 - **** Finished TC003_ValidUserLoginTest execution ****
2024-12-22 21:32:48 INFO  TC003_ValidUserLoginTest:16 - **** Starting TC003_ValidUserLoginTest execution ****
2024-12-22 21:32:48 INFO  TC003_ValidUserLoginTest:21 - Inside Home Page
2024-12-22 21:32:48 INFO  TC003_ValidUserLoginTest:23 - Clicked My Account
2024-12-22 21:32:49 INFO  TC003_ValidUserLoginTest:25 - Clicked Login Link
2024-12-22 21:32:49 INFO  TC003_ValidUserLoginTest:29 - Inside Login Page
2024-12-22 21:32:49 INFO  TC003_ValidUserLoginTest:30 - Entering user credentials
2024-12-22 21:32:50 INFO  TC003_ValidUserLoginTest:36 - Clicked on Continue button
2024-12-22 21:32:50 INFO  TC003_ValidUserLoginTest:43 - Starting validation
2024-12-22 21:32:50 INFO  TC003_ValidUserLoginTest:49 - Validation successfull
2024-12-22 21:32:50 INFO  TC003_ValidUserLoginTest:59 - **** Finished TC003_ValidUserLoginTest execution ****
2024-12-22 21:38:31 INFO  TC001_AccountRegistrationTest:16 - **** Started TC001_AccountRegistrationTest execution ****
2024-12-22 21:38:32 INFO  TC001_AccountRegistrationTest:23 - Inside the Home Page...
2024-12-22 21:38:32 INFO  TC001_AccountRegistrationTest:26 - Clicked on My Account
2024-12-22 21:38:32 INFO  TC001_AccountRegistrationTest:28 - Clicked on Register Link
2024-12-22 21:38:32 INFO  TC001_AccountRegistrationTest:36 - Inside Registration Page
2024-12-22 21:38:32 INFO  TC001_AccountRegistrationTest:37 - Entering all the Customer details...
2024-12-22 21:38:35 INFO  TC001_AccountRegistrationTest:58 - Successfully entered all the details of the Customer...
2024-12-22 21:38:36 INFO  TC001_AccountRegistrationTest:61 - Clicked on Continue button
2024-12-22 21:38:36 INFO  TC001_AccountRegistrationTest:65 - About to start validation message
2024-12-22 21:38:36 INFO  TC001_AccountRegistrationTest:71 - Validation Passed
2024-12-22 21:38:36 INFO  TC001_AccountRegistrationTest:83 - **** Finished TC001_AccountRegistrationTest execution ****
2024-12-22 21:38:40 INFO  TC002_AccountRegistrationDiffPasswordTest:15 - **** Starting TC002_AccountRegistrationDiffPasswordTest execution ****
2024-12-22 21:38:40 INFO  TC002_AccountRegistrationDiffPasswordTest:20 - Inside Home Page.
2024-12-22 21:38:40 INFO  TC002_AccountRegistrationDiffPasswordTest:22 - Clicked on My Account
2024-12-22 21:38:40 INFO  TC002_AccountRegistrationDiffPasswordTest:24 - Clicked on Register Link
2024-12-22 21:38:40 INFO  TC002_AccountRegistrationDiffPasswordTest:28 - Inside Registration Page
2024-12-22 21:38:40 INFO  TC002_AccountRegistrationDiffPasswordTest:30 - Entering customer details....
2024-12-22 21:38:43 INFO  TC002_AccountRegistrationDiffPasswordTest:54 - Entered all the details
2024-12-22 21:38:43 INFO  TC002_AccountRegistrationDiffPasswordTest:58 - Starting password mismatch message verfication....
2024-12-22 21:38:44 INFO  TC002_AccountRegistrationDiffPasswordTest:63 - Message verfication successfull
2024-12-22 21:38:44 INFO  TC002_AccountRegistrationDiffPasswordTest:76 - **** Finished TC002_AccountRegistrationDiffPasswordTest execution ****
2024-12-22 21:38:47 INFO  TC003_ValidUserLoginTest:16 - **** Starting TC003_ValidUserLoginTest execution ****
2024-12-22 21:38:47 INFO  TC003_ValidUserLoginTest:21 - Inside Home Page
2024-12-22 21:38:48 INFO  TC003_ValidUserLoginTest:23 - Clicked My Account
2024-12-22 21:38:48 INFO  TC003_ValidUserLoginTest:25 - Clicked Login Link
