2024-12-22 12:57:37 INFO  TC001_AccountRegistrationTest:61 - Clicked on Continue button
2024-12-22 12:57:37 INFO  TC001_AccountRegistrationTest:65 - About to start validation message
2024-12-22 12:57:37 INFO  TC001_AccountRegistrationTest:71 - Validation Passed
2024-12-22 12:57:37 INFO  TC001_AccountRegistrationTest:83 - **** Finished TC001_AccountRegistrationTest execution ****
2024-12-22 12:57:38 INFO  TC001_AccountRegistrationTest:61 - Clicked on Continue button
2024-12-22 12:57:38 INFO  TC001_AccountRegistrationTest:65 - About to start validation message
2024-12-22 12:57:38 INFO  TC001_AccountRegistrationTest:71 - Validation Passed
2024-12-22 12:57:38 INFO  TC001_AccountRegistrationTest:83 - **** Finished TC001_AccountRegistrationTest execution ****
2024-12-22 12:58:19 INFO  TC001_AccountRegistrationTest:16 - **** Started TC001_AccountRegistrationTest execution ****
2024-12-22 12:58:19 INFO  TC001_AccountRegistrationTest:16 - **** Started TC001_AccountRegistrationTest execution ****
2024-12-22 12:58:19 INFO  TC001_AccountRegistrationTest:23 - Inside the Home Page...
2024-12-22 12:58:19 INFO  TC001_AccountRegistrationTest:23 - Inside the Home Page...
2024-12-22 12:58:19 INFO  TC001_AccountRegistrationTest:26 - Clicked on My Account
2024-12-22 12:58:19 INFO  TC001_AccountRegistrationTest:26 - Clicked on My Account
2024-12-22 12:58:20 INFO  TC001_AccountRegistrationTest:28 - Clicked on Register Link
2024-12-22 12:58:20 INFO  TC001_AccountRegistrationTest:28 - Clicked on Register Link
2024-12-22 12:58:20 INFO  TC001_AccountRegistrationTest:36 - Inside Registration Page
2024-12-22 12:58:20 INFO  TC001_AccountRegistrationTest:37 - Entering all the Customer details...
2024-12-22 12:58:20 INFO  TC001_AccountRegistrationTest:36 - Inside Registration Page
2024-12-22 12:58:20 INFO  TC001_AccountRegistrationTest:37 - Entering all the Customer details...
2024-12-22 12:58:22 INFO  TC001_AccountRegistrationTest:58 - Successfully entered all the details of the Customer...
2024-12-22 12:58:22 INFO  TC001_AccountRegistrationTest:58 - Successfully entered all the details of the Customer...
2024-12-22 12:58:23 INFO  TC001_AccountRegistrationTest:61 - Clicked on Continue button
2024-12-22 12:58:23 INFO  TC001_AccountRegistrationTest:65 - About to start validation message
2024-12-22 12:58:23 INFO  TC001_AccountRegistrationTest:71 - Validation Passed
2024-12-22 12:58:23 INFO  TC001_AccountRegistrationTest:83 - **** Finished TC001_AccountRegistrationTest execution ****
2024-12-22 12:58:23 INFO  TC001_AccountRegistrationTest:61 - Clicked on Continue button
2024-12-22 12:58:23 INFO  TC001_AccountRegistrationTest:65 - About to start validation message
2024-12-22 12:58:23 INFO  TC001_AccountRegistrationTest:71 - Validation Passed
2024-12-22 12:58:23 INFO  TC001_AccountRegistrationTest:83 - **** Finished TC001_AccountRegistrationTest execution ****
2024-12-22 12:58:27 INFO  TC002_AccountRegistrationDiffPasswordTest:15 - **** Starting TC002_AccountRegistrationDiffPasswordTest execution ****
2024-12-22 12:58:27 INFO  TC002_AccountRegistrationDiffPasswordTest:20 - Inside Home Page.
2024-12-22 12:58:27 INFO  TC002_AccountRegistrationDiffPasswordTest:22 - Clicked on My Account
2024-12-22 12:58:27 INFO  TC002_AccountRegistrationDiffPasswordTest:24 - Clicked on Register Link
2024-12-22 12:58:27 INFO  TC002_AccountRegistrationDiffPasswordTest:28 - Inside Registration Page
2024-12-22 12:58:27 INFO  TC002_AccountRegistrationDiffPasswordTest:30 - Entering customer details....
2024-12-22 12:58:29 INFO  TC002_AccountRegistrationDiffPasswordTest:15 - **** Starting TC002_AccountRegistrationDiffPasswordTest execution ****
2024-12-22 12:58:29 INFO  TC002_AccountRegistrationDiffPasswordTest:20 - Inside Home Page.
2024-12-22 12:58:29 INFO  TC002_AccountRegistrationDiffPasswordTest:22 - Clicked on My Account
2024-12-22 12:58:30 INFO  TC002_AccountRegistrationDiffPasswordTest:24 - Clicked on Register Link
2024-12-22 12:58:30 INFO  TC002_AccountRegistrationDiffPasswordTest:28 - Inside Registration Page
2024-12-22 12:58:30 INFO  TC002_AccountRegistrationDiffPasswordTest:30 - Entering customer details....
2024-12-22 12:58:30 INFO  TC002_AccountRegistrationDiffPasswordTest:54 - Entered all the details
2024-12-22 12:58:30 INFO  TC002_AccountRegistrationDiffPasswordTest:58 - Starting password mismatch message verfication....
2024-12-22 12:58:30 INFO  TC002_AccountRegistrationDiffPasswordTest:63 - Message verfication successfull
2024-12-22 12:58:30 INFO  TC002_AccountRegistrationDiffPasswordTest:76 - **** Finished TC002_AccountRegistrationDiffPasswordTest execution ****
2024-12-22 12:58:33 INFO  TC002_AccountRegistrationDiffPasswordTest:54 - Entered all the details
2024-12-22 12:58:33 INFO  TC002_AccountRegistrationDiffPasswordTest:58 - Starting password mismatch message verfication....
2024-12-22 12:58:33 INFO  TC002_AccountRegistrationDiffPasswordTest:63 - Message verfication successfull
2024-12-22 12:58:33 INFO  TC002_AccountRegistrationDiffPasswordTest:76 - **** Finished TC002_AccountRegistrationDiffPasswordTest execution ****
