15:21:01.012 [main] DEBUG org.apache.poi.openxml4j.opc.PackageRelationshipCollection - Parsing relationship: /xl/worksheets/_rels/sheet1.xml.rels
15:21:01.017 [main] DEBUG org.apache.poi.openxml4j.opc.PackageRelationshipCollection - Parsing relationship: /_rels/.rels
15:21:01.038 [main] DEBUG org.apache.poi.openxml4j.opc.PackageRelationshipCollection - Parsing relationship: /xl/_rels/workbook.xml.rels
15:21:01.039 [main] DEBUG org.apache.poi.openxml4j.opc.PackageRelationshipCollection - Parsing relationship: /xl/worksheets/_rels/sheet1.xml.rels
15:21:01.040 [main] DEBUG org.apache.poi.openxml4j.opc.PackageRelationshipCollection - Parsing relationship: /_rels/.rels
15:21:01.064 [main] DEBUG org.apache.poi.openxml4j.opc.PackageRelationshipCollection - Parsing relationship: /xl/_rels/workbook.xml.rels
15:21:01.065 [main] DEBUG org.apache.poi.openxml4j.opc.PackageRelationshipCollection - Parsing relationship: /xl/worksheets/_rels/sheet1.xml.rels
15:21:01.066 [main] DEBUG org.apache.poi.openxml4j.opc.PackageRelationshipCollection - Parsing relationship: /_rels/.rels
15:21:01.089 [main] DEBUG org.apache.poi.openxml4j.opc.PackageRelationshipCollection - Parsing relationship: /xl/_rels/workbook.xml.rels
15:21:01.090 [main] DEBUG org.apache.poi.openxml4j.opc.PackageRelationshipCollection - Parsing relationship: /xl/worksheets/_rels/sheet1.xml.rels
15:21:01.090 [main] DEBUG org.apache.poi.openxml4j.opc.PackageRelationshipCollection - Parsing relationship: /_rels/.rels
15:21:01.114 [main] DEBUG org.apache.poi.openxml4j.opc.PackageRelationshipCollection - Parsing relationship: /xl/_rels/workbook.xml.rels
15:21:01.115 [main] DEBUG org.apache.poi.openxml4j.opc.PackageRelationshipCollection - Parsing relationship: /xl/worksheets/_rels/sheet1.xml.rels
15:21:01.116 [main] DEBUG org.apache.poi.openxml4j.opc.PackageRelationshipCollection - Parsing relationship: /_rels/.rels
15:21:01.137 [main] DEBUG org.apache.poi.openxml4j.opc.PackageRelationshipCollection - Parsing relationship: /xl/_rels/workbook.xml.rels
15:21:01.138 [main] DEBUG org.apache.poi.openxml4j.opc.PackageRelationshipCollection - Parsing relationship: /xl/worksheets/_rels/sheet1.xml.rels
15:21:01.139 [main] DEBUG org.apache.poi.openxml4j.opc.PackageRelationshipCollection - Parsing relationship: /_rels/.rels
15:21:01.159 [main] DEBUG org.apache.poi.openxml4j.opc.PackageRelationshipCollection - Parsing relationship: /xl/_rels/workbook.xml.rels
15:21:01.160 [main] DEBUG org.apache.poi.openxml4j.opc.PackageRelationshipCollection - Parsing relationship: /xl/worksheets/_rels/sheet1.xml.rels
15:21:01.161 [main] DEBUG org.apache.poi.openxml4j.opc.PackageRelationshipCollection - Parsing relationship: /_rels/.rels
15:21:01.181 [main] DEBUG org.apache.poi.openxml4j.opc.PackageRelationshipCollection - Parsing relationship: /xl/_rels/workbook.xml.rels
15:21:01.182 [main] DEBUG org.apache.poi.openxml4j.opc.PackageRelationshipCollection - Parsing relationship: /xl/worksheets/_rels/sheet1.xml.rels
15:21:01.183 [main] DEBUG org.apache.poi.openxml4j.opc.PackageRelationshipCollection - Parsing relationship: /_rels/.rels
15:21:01.201 [main] DEBUG org.apache.poi.openxml4j.opc.PackageRelationshipCollection - Parsing relationship: /xl/_rels/workbook.xml.rels
15:21:01.202 [main] DEBUG org.apache.poi.openxml4j.opc.PackageRelationshipCollection - Parsing relationship: /xl/worksheets/_rels/sheet1.xml.rels
15:21:01.203 [main] DEBUG org.apache.poi.openxml4j.opc.PackageRelationshipCollection - Parsing relationship: /_rels/.rels
15:21:01.231 [main] DEBUG org.apache.poi.openxml4j.opc.PackageRelationshipCollection - Parsing relationship: /xl/_rels/workbook.xml.rels
15:21:01.231 [main] DEBUG org.apache.poi.openxml4j.opc.PackageRelationshipCollection - Parsing relationship: /xl/worksheets/_rels/sheet1.xml.rels
15:21:01.232 [main] DEBUG org.apache.poi.openxml4j.opc.PackageRelationshipCollection - Parsing relationship: /_rels/.rels
15:21:01.249 [main] DEBUG org.apache.poi.openxml4j.opc.PackageRelationshipCollection - Parsing relationship: /xl/_rels/workbook.xml.rels
15:21:01.250 [main] DEBUG org.apache.poi.openxml4j.opc.PackageRelationshipCollection - Parsing relationship: /xl/worksheets/_rels/sheet1.xml.rels
15:21:01.251 [main] DEBUG org.apache.poi.openxml4j.opc.PackageRelationshipCollection - Parsing relationship: /_rels/.rels
15:21:01.269 [main] DEBUG org.apache.poi.openxml4j.opc.PackageRelationshipCollection - Parsing relationship: /xl/_rels/workbook.xml.rels
15:21:01.270 [main] DEBUG org.apache.poi.openxml4j.opc.PackageRelationshipCollection - Parsing relationship: /xl/worksheets/_rels/sheet1.xml.rels
15:21:01.271 [main] DEBUG org.apache.poi.openxml4j.opc.PackageRelationshipCollection - Parsing relationship: /_rels/.rels
15:21:01.287 [main] DEBUG org.apache.poi.openxml4j.opc.PackageRelationshipCollection - Parsing relationship: /xl/_rels/workbook.xml.rels
15:21:01.288 [main] DEBUG org.apache.poi.openxml4j.opc.PackageRelationshipCollection - Parsing relationship: /xl/worksheets/_rels/sheet1.xml.rels
15:21:01.288 [main] DEBUG org.apache.poi.openxml4j.opc.PackageRelationshipCollection - Parsing relationship: /_rels/.rels
15:21:01.307 [main] DEBUG org.apache.poi.openxml4j.opc.PackageRelationshipCollection - Parsing relationship: /xl/_rels/workbook.xml.rels
15:21:01.308 [main] DEBUG org.apache.poi.openxml4j.opc.PackageRelationshipCollection - Parsing relationship: /xl/worksheets/_rels/sheet1.xml.rels
15:21:01.309 [main] DEBUG org.apache.poi.openxml4j.opc.PackageRelationshipCollection - Parsing relationship: /_rels/.rels
15:21:01.327 [main] DEBUG org.apache.poi.openxml4j.opc.PackageRelationshipCollection - Parsing relationship: /xl/_rels/workbook.xml.rels
15:21:01.328 [main] DEBUG org.apache.poi.openxml4j.opc.PackageRelationshipCollection - Parsing relationship: /xl/worksheets/_rels/sheet1.xml.rels
15:21:01.328 [main] DEBUG org.apache.poi.openxml4j.opc.PackageRelationshipCollection - Parsing relationship: /_rels/.rels
15:21:01.344 [main] DEBUG org.apache.poi.openxml4j.opc.PackageRelationshipCollection - Parsing relationship: /xl/_rels/workbook.xml.rels
15:21:01.345 [main] DEBUG org.apache.poi.openxml4j.opc.PackageRelationshipCollection - Parsing relationship: /xl/worksheets/_rels/sheet1.xml.rels
15:21:01.346 [main] DEBUG org.apache.poi.openxml4j.opc.PackageRelationshipCollection - Parsing relationship: /_rels/.rels
15:21:01.730 [main] INFO  testCases.TC004_LoginDataDrivenTest - **** Starting TC004_LoginDataDrivenTest execution ****
15:21:01.811 [main] INFO  testCases.TC004_LoginDataDrivenTest - Inside the Home Page
15:21:02.055 [main] INFO  testCases.TC004_LoginDataDrivenTest - Clicked My Account
15:21:02.420 [main] INFO  testCases.TC004_LoginDataDrivenTest - Clicked Login Link from Home Page
15:21:02.441 [main] INFO  testCases.TC004_LoginDataDrivenTest - Inside the Login Page
15:21:02.441 [main] INFO  testCases.TC004_LoginDataDrivenTest - Entering user credentials
15:21:03.542 [main] INFO  testCases.TC004_LoginDataDrivenTest - Clicked on Login Button and trying to Login...
15:21:03.542 [main] INFO  testCases.TC004_LoginDataDrivenTest - Validation begins...
15:21:14.044 [main] INFO  testCases.TC004_LoginDataDrivenTest - This combination is valid but we are not successfully logged in. Test case Failed pavanoltraining@gmail.com
15:21:14.318 [main] INFO  testCases.TC004_LoginDataDrivenTest - **** Starting TC004_LoginDataDrivenTest execution ****
15:21:14.335 [main] INFO  testCases.TC004_LoginDataDrivenTest - Inside the Home Page
15:21:14.472 [main] INFO  testCases.TC004_LoginDataDrivenTest - Clicked My Account
15:21:14.947 [main] INFO  testCases.TC004_LoginDataDrivenTest - Clicked Login Link from Home Page
15:21:14.996 [main] INFO  testCases.TC004_LoginDataDrivenTest - Inside the Login Page
15:21:14.996 [main] INFO  testCases.TC004_LoginDataDrivenTest - Entering user credentials
15:21:16.372 [main] INFO  testCases.TC004_LoginDataDrivenTest - Clicked on Login Button and trying to Login...
15:21:16.372 [main] INFO  testCases.TC004_LoginDataDrivenTest - Validation begins...
15:21:16.542 [main] INFO  testCases.TC004_LoginDataDrivenTest - This combination is invalid but we are logged in. Test case failed lakshmi@yahoo.com
15:21:17.171 [main] INFO  testCases.TC004_LoginDataDrivenTest - Inside Account Logout page
15:21:17.984 [main] INFO  testCases.TC004_LoginDataDrivenTest - **** Starting TC004_LoginDataDrivenTest execution ****
15:21:17.999 [main] INFO  testCases.TC004_LoginDataDrivenTest - Inside the Home Page
15:21:18.200 [main] INFO  testCases.TC004_LoginDataDrivenTest - Clicked My Account
15:21:18.673 [main] INFO  testCases.TC004_LoginDataDrivenTest - Clicked Login Link from Home Page
15:21:18.717 [main] INFO  testCases.TC004_LoginDataDrivenTest - Inside the Login Page
15:21:18.717 [main] INFO  testCases.TC004_LoginDataDrivenTest - Entering user credentials
15:21:19.928 [main] INFO  testCases.TC004_LoginDataDrivenTest - Clicked on Login Button and trying to Login...
15:21:19.928 [main] INFO  testCases.TC004_LoginDataDrivenTest - Validation begins...
15:21:20.085 [main] INFO  testCases.TC004_LoginDataDrivenTest - This combination is invalid but we are logged in. Test case failed laksh@yahoo.com
15:21:20.610 [main] INFO  testCases.TC004_LoginDataDrivenTest - Inside Account Logout page
15:21:21.438 [main] INFO  testCases.TC004_LoginDataDrivenTest - **** Starting TC004_LoginDataDrivenTest execution ****
15:21:21.457 [main] INFO  testCases.TC004_LoginDataDrivenTest - Inside the Home Page
15:21:21.620 [main] INFO  testCases.TC004_LoginDataDrivenTest - Clicked My Account
15:21:22.047 [main] INFO  testCases.TC004_LoginDataDrivenTest - Clicked Login Link from Home Page
15:21:22.084 [main] INFO  testCases.TC004_LoginDataDrivenTest - Inside the Login Page
15:21:22.084 [main] INFO  testCases.TC004_LoginDataDrivenTest - Entering user credentials
15:21:23.114 [main] INFO  testCases.TC004_LoginDataDrivenTest - Clicked on Login Button and trying to Login...
